<?xml version="1.0" encoding="UTF-8"?>
<testng-results skipped="0" failed="0" ignored="0" total="1" passed="1">
  <reporter-output>
  </reporter-output>
  <suite name="Suite" duration-ms="71925" started-at="2019-04-26T07:09:33Z" finished-at="2019-04-26T07:10:45Z">
    <groups>
    </groups>
    <test name="Test" duration-ms="71925" started-at="2019-04-26T07:09:33Z" finished-at="2019-04-26T07:10:45Z">
      <class name="tyss.demotyss">
        <test-method status="PASS" signature="openApp()[pri:0, instance:tyss.demotyss@7dc7cbad]" name="openApp" is-config="true" duration-ms="68427" started-at="2019-04-26T07:09:33Z" finished-at="2019-04-26T07:10:42Z">
          <reporter-output>
          </reporter-output>
        </test-method> <!-- openApp -->
        <test-method status="PASS" signature="tesScript()[pri:0, instance:tyss.demotyss@7dc7cbad]" name="tesScript" duration-ms="428" started-at="2019-04-26T07:10:42Z" finished-at="2019-04-26T07:10:42Z">
          <reporter-output>
          </reporter-output>
        </test-method> <!-- tesScript -->
        <test-method status="PASS" signature="closeApp()[pri:0, instance:tyss.demotyss@7dc7cbad]" name="closeApp" is-config="true" duration-ms="3052" started-at="2019-04-26T07:10:42Z" finished-at="2019-04-26T07:10:45Z">
          <reporter-output>
          </reporter-output>
        </test-method> <!-- closeApp -->
      </class> <!-- tyss.demotyss -->
    </test> <!-- Test -->
  </suite> <!-- Suite -->
</testng-results>
